-------------------------------------------------------------------------------
Test set: com.example.TesiIntegrazioneProgettoEsterno.Test_Abs
-------------------------------------------------------------------------------
Tests run: 1, Failures: 1, Errors: 0, Skipped: 0, Time elapsed: 11.848 s <<< FAILURE! - in com.example.TesiIntegrazioneProgettoEsterno.Test_Abs
test_loc_Abs_release_1_1(com.example.TesiIntegrazioneProgettoEsterno.Test_Abs)  Time elapsed: 11.848 s  <<< FAILURE!
org.junit.ComparisonFailure: expected:<[Marco Mengoni]> but was:<[2021]>
	at com.example.TesiIntegrazioneProgettoEsterno.Test_Abs.test_loc_Abs_release_1_1(Test_Abs.java:116)

